<?xml version="1.0" encoding="UTF-8"?>
<testsuites>
  <testsuite name="" tests="24" assertions="68" errors="0" warnings="0" failures="0" skipped="0" time="12.403321">
    <testsuite name="Unit" tests="1" assertions="1" errors="0" warnings="0" failures="0" skipped="0" time="0.045343">
      <testsuite name="Tests\Unit\ExampleTest" file="/home/vagrant/thinkbit/web-app-laravel-boilerplate/tests/Unit/ExampleTest.php" tests="1" assertions="1" errors="0" warnings="0" failures="0" skipped="0" time="0.045343">
        <testcase name="testBasicTest" class="Tests\Unit\ExampleTest" classname="Tests.Unit.ExampleTest" file="/home/vagrant/thinkbit/web-app-laravel-boilerplate/tests/Unit/ExampleTest.php" line="14" assertions="1" time="0.045343"/>
      </testsuite>
    </testsuite>
    <testsuite name="Feature" tests="23" assertions="67" errors="0" warnings="0" failures="0" skipped="0" time="12.357978">
      <testsuite name="Tests\Feature\Api\CronJobControllerTest" file="/home/vagrant/thinkbit/web-app-laravel-boilerplate/tests/Feature/Api/CronJobControllerTest.php" tests="3" assertions="4" errors="0" warnings="0" failures="0" skipped="0" time="5.839042">
        <testcase name="testCronJobOnlyAvailableOnGCPAppEngine" class="Tests\Feature\Api\CronJobControllerTest" classname="Tests.Feature.Api.CronJobControllerTest" file="/home/vagrant/thinkbit/web-app-laravel-boilerplate/tests/Feature/Api/CronJobControllerTest.php" line="9" assertions="1" time="1.380437"/>
        <testcase name="testCronJobOnlyAvailableOnGCPForwarder" class="Tests\Feature\Api\CronJobControllerTest" classname="Tests.Feature.Api.CronJobControllerTest" file="/home/vagrant/thinkbit/web-app-laravel-boilerplate/tests/Feature/Api/CronJobControllerTest.php" line="16" assertions="1" time="0.074830"/>
        <testcase name="testCronJobTriggersScheduleRun" class="Tests\Feature\Api\CronJobControllerTest" classname="Tests.Feature.Api.CronJobControllerTest" file="/home/vagrant/thinkbit/web-app-laravel-boilerplate/tests/Feature/Api/CronJobControllerTest.php" line="23" assertions="2" time="4.383776"/>
      </testsuite>
      <testsuite name="Tests\Feature\Api\Users\FcmRegsitrationTokensControllerDestroyTest" file="/home/vagrant/thinkbit/web-app-laravel-boilerplate/tests/Feature/Api/Users/FcmRegsitrationTokensControllerDestroyTest.php" tests="7" assertions="26" errors="0" warnings="0" failures="0" skipped="0" time="4.232583">
        <testcase name="testRemoveTokenRetainsNotificationKey" class="Tests\Feature\Api\Users\FcmRegsitrationTokensControllerDestroyTest" classname="Tests.Feature.Api.Users.FcmRegsitrationTokensControllerDestroyTest" file="/home/vagrant/thinkbit/web-app-laravel-boilerplate/tests/Feature/Api/Users/FcmRegsitrationTokensControllerDestroyTest.php" line="21" assertions="5" time="3.715432"/>
        <testcase name="testRemoveAllTokensRemovesNotificationKey" class="Tests\Feature\Api\Users\FcmRegsitrationTokensControllerDestroyTest" classname="Tests.Feature.Api.Users.FcmRegsitrationTokensControllerDestroyTest" file="/home/vagrant/thinkbit/web-app-laravel-boilerplate/tests/Feature/Api/Users/FcmRegsitrationTokensControllerDestroyTest.php" line="66" assertions="5" time="0.085528"/>
        <testcase name="testTokenMustBeAuthorized" class="Tests\Feature\Api\Users\FcmRegsitrationTokensControllerDestroyTest" classname="Tests.Feature.Api.Users.FcmRegsitrationTokensControllerDestroyTest" file="/home/vagrant/thinkbit/web-app-laravel-boilerplate/tests/Feature/Api/Users/FcmRegsitrationTokensControllerDestroyTest.php" line="105" assertions="2" time="0.089548"/>
        <testcase name="testTokenIsForbiddenForOtherUser" class="Tests\Feature\Api\Users\FcmRegsitrationTokensControllerDestroyTest" classname="Tests.Feature.Api.Users.FcmRegsitrationTokensControllerDestroyTest" file="/home/vagrant/thinkbit/web-app-laravel-boilerplate/tests/Feature/Api/Users/FcmRegsitrationTokensControllerDestroyTest.php" line="122" assertions="2" time="0.088012"/>
        <testcase name="testTokenIsUnprocessableEntityWithoutRequiredFields" class="Tests\Feature\Api\Users\FcmRegsitrationTokensControllerDestroyTest" classname="Tests.Feature.Api.Users.FcmRegsitrationTokensControllerDestroyTest" file="/home/vagrant/thinkbit/web-app-laravel-boilerplate/tests/Feature/Api/Users/FcmRegsitrationTokensControllerDestroyTest.php" line="146" assertions="4" time="0.087971"/>
        <testcase name="testTokenIsUnprocessableEntityWithoutStringFields" class="Tests\Feature\Api\Users\FcmRegsitrationTokensControllerDestroyTest" classname="Tests.Feature.Api.Users.FcmRegsitrationTokensControllerDestroyTest" file="/home/vagrant/thinkbit/web-app-laravel-boilerplate/tests/Feature/Api/Users/FcmRegsitrationTokensControllerDestroyTest.php" line="166" assertions="4" time="0.084377"/>
        <testcase name="testTokenIsUnprocessableEntityWithoutExistingFields" class="Tests\Feature\Api\Users\FcmRegsitrationTokensControllerDestroyTest" classname="Tests.Feature.Api.Users.FcmRegsitrationTokensControllerDestroyTest" file="/home/vagrant/thinkbit/web-app-laravel-boilerplate/tests/Feature/Api/Users/FcmRegsitrationTokensControllerDestroyTest.php" line="186" assertions="4" time="0.081713"/>
      </testsuite>
      <testsuite name="Tests\Feature\Api\Users\FcmRegsitrationTokensControllerStoreTest" file="/home/vagrant/thinkbit/web-app-laravel-boilerplate/tests/Feature/Api/Users/FcmRegsitrationTokensControllerStoreTest.php" tests="8" assertions="32" errors="0" warnings="0" failures="0" skipped="0" time="0.715064">
        <testcase name="testNewTokenSavesNotificationKey" class="Tests\Feature\Api\Users\FcmRegsitrationTokensControllerStoreTest" classname="Tests.Feature.Api.Users.FcmRegsitrationTokensControllerStoreTest" file="/home/vagrant/thinkbit/web-app-laravel-boilerplate/tests/Feature/Api/Users/FcmRegsitrationTokensControllerStoreTest.php" line="22" assertions="5" time="0.105094"/>
        <testcase name="testNewTokenRemovesOldestTokenWhenMaxedOut" class="Tests\Feature\Api\Users\FcmRegsitrationTokensControllerStoreTest" classname="Tests.Feature.Api.Users.FcmRegsitrationTokensControllerStoreTest" file="/home/vagrant/thinkbit/web-app-laravel-boilerplate/tests/Feature/Api/Users/FcmRegsitrationTokensControllerStoreTest.php" line="58" assertions="6" time="0.092526"/>
        <testcase name="testNewTokenSavesEvenIfAnotherUserHasTheSameToken" class="Tests\Feature\Api\Users\FcmRegsitrationTokensControllerStoreTest" classname="Tests.Feature.Api.Users.FcmRegsitrationTokensControllerStoreTest" file="/home/vagrant/thinkbit/web-app-laravel-boilerplate/tests/Feature/Api/Users/FcmRegsitrationTokensControllerStoreTest.php" line="112" assertions="5" time="0.086362"/>
        <testcase name="testTokenMustBeAuthorized" class="Tests\Feature\Api\Users\FcmRegsitrationTokensControllerStoreTest" classname="Tests.Feature.Api.Users.FcmRegsitrationTokensControllerStoreTest" file="/home/vagrant/thinkbit/web-app-laravel-boilerplate/tests/Feature/Api/Users/FcmRegsitrationTokensControllerStoreTest.php" line="156" assertions="2" time="0.079572"/>
        <testcase name="testTokenIsForbiddenForOtherUser" class="Tests\Feature\Api\Users\FcmRegsitrationTokensControllerStoreTest" classname="Tests.Feature.Api.Users.FcmRegsitrationTokensControllerStoreTest" file="/home/vagrant/thinkbit/web-app-laravel-boilerplate/tests/Feature/Api/Users/FcmRegsitrationTokensControllerStoreTest.php" line="171" assertions="2" time="0.085117"/>
        <testcase name="testTokenIsUnprocessableEntityWithoutRequiredFields" class="Tests\Feature\Api\Users\FcmRegsitrationTokensControllerStoreTest" classname="Tests.Feature.Api.Users.FcmRegsitrationTokensControllerStoreTest" file="/home/vagrant/thinkbit/web-app-laravel-boilerplate/tests/Feature/Api/Users/FcmRegsitrationTokensControllerStoreTest.php" line="193" assertions="4" time="0.082474"/>
        <testcase name="testTokenIsUnprocessableEntityWithoutStringFields" class="Tests\Feature\Api\Users\FcmRegsitrationTokensControllerStoreTest" classname="Tests.Feature.Api.Users.FcmRegsitrationTokensControllerStoreTest" file="/home/vagrant/thinkbit/web-app-laravel-boilerplate/tests/Feature/Api/Users/FcmRegsitrationTokensControllerStoreTest.php" line="211" assertions="4" time="0.088226"/>
        <testcase name="testTokenIsUnprocessableEntityWithoutUniqueFields" class="Tests\Feature\Api\Users\FcmRegsitrationTokensControllerStoreTest" classname="Tests.Feature.Api.Users.FcmRegsitrationTokensControllerStoreTest" file="/home/vagrant/thinkbit/web-app-laravel-boilerplate/tests/Feature/Api/Users/FcmRegsitrationTokensControllerStoreTest.php" line="229" assertions="4" time="0.095693"/>
      </testsuite>
      <testsuite name="Tests\Feature\ForgotPasswordTest" file="/home/vagrant/thinkbit/web-app-laravel-boilerplate/tests/Feature/ForgotPasswordTest.php" tests="4" assertions="4" errors="0" warnings="0" failures="0" skipped="0" time="1.187497">
        <testcase name="testUserCanViewForgotPasswordPage" class="Tests\Feature\ForgotPasswordTest" classname="Tests.Feature.ForgotPasswordTest" file="/home/vagrant/thinkbit/web-app-laravel-boilerplate/tests/Feature/ForgotPasswordTest.php" line="26" assertions="1" time="0.115800"/>
        <testcase name="testUserCanResetPasswordWithValidEmail" class="Tests\Feature\ForgotPasswordTest" classname="Tests.Feature.ForgotPasswordTest" file="/home/vagrant/thinkbit/web-app-laravel-boilerplate/tests/Feature/ForgotPasswordTest.php" line="32" assertions="1" time="0.850064"/>
        <testcase name="testUserCanViewPasswordResetPage" class="Tests\Feature\ForgotPasswordTest" classname="Tests.Feature.ForgotPasswordTest" file="/home/vagrant/thinkbit/web-app-laravel-boilerplate/tests/Feature/ForgotPasswordTest.php" line="50" assertions="1" time="0.098103"/>
        <testcase name="testUserCanSubmitPasswordReset" class="Tests\Feature\ForgotPasswordTest" classname="Tests.Feature.ForgotPasswordTest" file="/home/vagrant/thinkbit/web-app-laravel-boilerplate/tests/Feature/ForgotPasswordTest.php" line="74" assertions="1" time="0.123530"/>
      </testsuite>
      <testsuite name="Tests\Feature\RoutesTest" file="/home/vagrant/thinkbit/web-app-laravel-boilerplate/tests/Feature/RoutesTest.php" tests="1" assertions="1" errors="0" warnings="0" failures="0" skipped="0" time="0.383792">
        <testcase name="testRoutesHaveNoServerErrors" class="Tests\Feature\RoutesTest" classname="Tests.Feature.RoutesTest" file="/home/vagrant/thinkbit/web-app-laravel-boilerplate/tests/Feature/RoutesTest.php" line="18" assertions="1" time="0.383792"/>
      </testsuite>
    </testsuite>
  </testsuite>
</testsuites>
