<?xml version="1.0" encoding="UTF-8"?>
<testsuites>
  <testsuite name="" tests="26" assertions="70" errors="0" warnings="0" failures="3" skipped="0" time="18.051641">
    <testsuite name="Unit" tests="1" assertions="1" errors="0" warnings="0" failures="0" skipped="0" time="0.040873">
      <testsuite name="Tests\Unit\ExampleTest" file="/home/vagrant/thinkbit/web-app-laravel-boilerplate/tests/Unit/ExampleTest.php" tests="1" assertions="1" errors="0" warnings="0" failures="0" skipped="0" time="0.040873">
        <testcase name="testBasicTest" class="Tests\Unit\ExampleTest" classname="Tests.Unit.ExampleTest" file="/home/vagrant/thinkbit/web-app-laravel-boilerplate/tests/Unit/ExampleTest.php" line="14" assertions="1" time="0.040873"/>
      </testsuite>
    </testsuite>
    <testsuite name="Feature" tests="25" assertions="69" errors="0" warnings="0" failures="3" skipped="0" time="18.010767">
      <testsuite name="Tests\Feature\Api\CronJobControllerTest" file="/home/vagrant/thinkbit/web-app-laravel-boilerplate/tests/Feature/Api/CronJobControllerTest.php" tests="3" assertions="4" errors="0" warnings="0" failures="0" skipped="0" time="4.735909">
        <testcase name="testCronJobOnlyAvailableOnGCPAppEngine" class="Tests\Feature\Api\CronJobControllerTest" classname="Tests.Feature.Api.CronJobControllerTest" file="/home/vagrant/thinkbit/web-app-laravel-boilerplate/tests/Feature/Api/CronJobControllerTest.php" line="9" assertions="1" time="1.374211"/>
        <testcase name="testCronJobOnlyAvailableOnGCPForwarder" class="Tests\Feature\Api\CronJobControllerTest" classname="Tests.Feature.Api.CronJobControllerTest" file="/home/vagrant/thinkbit/web-app-laravel-boilerplate/tests/Feature/Api/CronJobControllerTest.php" line="16" assertions="1" time="0.124277"/>
        <testcase name="testCronJobTriggersScheduleRun" class="Tests\Feature\Api\CronJobControllerTest" classname="Tests.Feature.Api.CronJobControllerTest" file="/home/vagrant/thinkbit/web-app-laravel-boilerplate/tests/Feature/Api/CronJobControllerTest.php" line="23" assertions="2" time="3.237421"/>
      </testsuite>
      <testsuite name="Tests\Feature\Api\Users\FcmRegsitrationTokensControllerDestroyTest" file="/home/vagrant/thinkbit/web-app-laravel-boilerplate/tests/Feature/Api/Users/FcmRegsitrationTokensControllerDestroyTest.php" tests="7" assertions="26" errors="0" warnings="0" failures="0" skipped="0" time="4.519553">
        <testcase name="testRemoveTokenRetainsNotificationKey" class="Tests\Feature\Api\Users\FcmRegsitrationTokensControllerDestroyTest" classname="Tests.Feature.Api.Users.FcmRegsitrationTokensControllerDestroyTest" file="/home/vagrant/thinkbit/web-app-laravel-boilerplate/tests/Feature/Api/Users/FcmRegsitrationTokensControllerDestroyTest.php" line="21" assertions="5" time="3.225128"/>
        <testcase name="testRemoveAllTokensRemovesNotificationKey" class="Tests\Feature\Api\Users\FcmRegsitrationTokensControllerDestroyTest" classname="Tests.Feature.Api.Users.FcmRegsitrationTokensControllerDestroyTest" file="/home/vagrant/thinkbit/web-app-laravel-boilerplate/tests/Feature/Api/Users/FcmRegsitrationTokensControllerDestroyTest.php" line="66" assertions="5" time="0.210615"/>
        <testcase name="testTokenMustBeAuthorized" class="Tests\Feature\Api\Users\FcmRegsitrationTokensControllerDestroyTest" classname="Tests.Feature.Api.Users.FcmRegsitrationTokensControllerDestroyTest" file="/home/vagrant/thinkbit/web-app-laravel-boilerplate/tests/Feature/Api/Users/FcmRegsitrationTokensControllerDestroyTest.php" line="105" assertions="2" time="0.143058"/>
        <testcase name="testTokenIsForbiddenForOtherUser" class="Tests\Feature\Api\Users\FcmRegsitrationTokensControllerDestroyTest" classname="Tests.Feature.Api.Users.FcmRegsitrationTokensControllerDestroyTest" file="/home/vagrant/thinkbit/web-app-laravel-boilerplate/tests/Feature/Api/Users/FcmRegsitrationTokensControllerDestroyTest.php" line="122" assertions="2" time="0.284526"/>
        <testcase name="testTokenIsUnprocessableEntityWithoutRequiredFields" class="Tests\Feature\Api\Users\FcmRegsitrationTokensControllerDestroyTest" classname="Tests.Feature.Api.Users.FcmRegsitrationTokensControllerDestroyTest" file="/home/vagrant/thinkbit/web-app-laravel-boilerplate/tests/Feature/Api/Users/FcmRegsitrationTokensControllerDestroyTest.php" line="146" assertions="4" time="0.231350"/>
        <testcase name="testTokenIsUnprocessableEntityWithoutStringFields" class="Tests\Feature\Api\Users\FcmRegsitrationTokensControllerDestroyTest" classname="Tests.Feature.Api.Users.FcmRegsitrationTokensControllerDestroyTest" file="/home/vagrant/thinkbit/web-app-laravel-boilerplate/tests/Feature/Api/Users/FcmRegsitrationTokensControllerDestroyTest.php" line="166" assertions="4" time="0.213412"/>
        <testcase name="testTokenIsUnprocessableEntityWithoutExistingFields" class="Tests\Feature\Api\Users\FcmRegsitrationTokensControllerDestroyTest" classname="Tests.Feature.Api.Users.FcmRegsitrationTokensControllerDestroyTest" file="/home/vagrant/thinkbit/web-app-laravel-boilerplate/tests/Feature/Api/Users/FcmRegsitrationTokensControllerDestroyTest.php" line="186" assertions="4" time="0.211464"/>
      </testsuite>
      <testsuite name="Tests\Feature\Api\Users\FcmRegsitrationTokensControllerStoreTest" file="/home/vagrant/thinkbit/web-app-laravel-boilerplate/tests/Feature/Api/Users/FcmRegsitrationTokensControllerStoreTest.php" tests="8" assertions="32" errors="0" warnings="0" failures="0" skipped="0" time="2.182201">
        <testcase name="testNewTokenSavesNotificationKey" class="Tests\Feature\Api\Users\FcmRegsitrationTokensControllerStoreTest" classname="Tests.Feature.Api.Users.FcmRegsitrationTokensControllerStoreTest" file="/home/vagrant/thinkbit/web-app-laravel-boilerplate/tests/Feature/Api/Users/FcmRegsitrationTokensControllerStoreTest.php" line="22" assertions="5" time="0.264577"/>
        <testcase name="testNewTokenRemovesOldestTokenWhenMaxedOut" class="Tests\Feature\Api\Users\FcmRegsitrationTokensControllerStoreTest" classname="Tests.Feature.Api.Users.FcmRegsitrationTokensControllerStoreTest" file="/home/vagrant/thinkbit/web-app-laravel-boilerplate/tests/Feature/Api/Users/FcmRegsitrationTokensControllerStoreTest.php" line="58" assertions="6" time="0.254211"/>
        <testcase name="testNewTokenSavesEvenIfAnotherUserHasTheSameToken" class="Tests\Feature\Api\Users\FcmRegsitrationTokensControllerStoreTest" classname="Tests.Feature.Api.Users.FcmRegsitrationTokensControllerStoreTest" file="/home/vagrant/thinkbit/web-app-laravel-boilerplate/tests/Feature/Api/Users/FcmRegsitrationTokensControllerStoreTest.php" line="112" assertions="5" time="0.350653"/>
        <testcase name="testTokenMustBeAuthorized" class="Tests\Feature\Api\Users\FcmRegsitrationTokensControllerStoreTest" classname="Tests.Feature.Api.Users.FcmRegsitrationTokensControllerStoreTest" file="/home/vagrant/thinkbit/web-app-laravel-boilerplate/tests/Feature/Api/Users/FcmRegsitrationTokensControllerStoreTest.php" line="156" assertions="2" time="0.163604"/>
        <testcase name="testTokenIsForbiddenForOtherUser" class="Tests\Feature\Api\Users\FcmRegsitrationTokensControllerStoreTest" classname="Tests.Feature.Api.Users.FcmRegsitrationTokensControllerStoreTest" file="/home/vagrant/thinkbit/web-app-laravel-boilerplate/tests/Feature/Api/Users/FcmRegsitrationTokensControllerStoreTest.php" line="171" assertions="2" time="0.353854"/>
        <testcase name="testTokenIsUnprocessableEntityWithoutRequiredFields" class="Tests\Feature\Api\Users\FcmRegsitrationTokensControllerStoreTest" classname="Tests.Feature.Api.Users.FcmRegsitrationTokensControllerStoreTest" file="/home/vagrant/thinkbit/web-app-laravel-boilerplate/tests/Feature/Api/Users/FcmRegsitrationTokensControllerStoreTest.php" line="193" assertions="4" time="0.265727"/>
        <testcase name="testTokenIsUnprocessableEntityWithoutStringFields" class="Tests\Feature\Api\Users\FcmRegsitrationTokensControllerStoreTest" classname="Tests.Feature.Api.Users.FcmRegsitrationTokensControllerStoreTest" file="/home/vagrant/thinkbit/web-app-laravel-boilerplate/tests/Feature/Api/Users/FcmRegsitrationTokensControllerStoreTest.php" line="211" assertions="4" time="0.285465"/>
        <testcase name="testTokenIsUnprocessableEntityWithoutUniqueFields" class="Tests\Feature\Api\Users\FcmRegsitrationTokensControllerStoreTest" classname="Tests.Feature.Api.Users.FcmRegsitrationTokensControllerStoreTest" file="/home/vagrant/thinkbit/web-app-laravel-boilerplate/tests/Feature/Api/Users/FcmRegsitrationTokensControllerStoreTest.php" line="229" assertions="4" time="0.244110"/>
      </testsuite>
      <testsuite name="Tests\Feature\ForgotPasswordTest" file="/home/vagrant/thinkbit/web-app-laravel-boilerplate/tests/Feature/ForgotPasswordTest.php" tests="4" assertions="4" errors="0" warnings="0" failures="2" skipped="0" time="0.787138">
        <testcase name="testUserCanViewForgotPasswordPage" class="Tests\Feature\ForgotPasswordTest" classname="Tests.Feature.ForgotPasswordTest" file="/home/vagrant/thinkbit/web-app-laravel-boilerplate/tests/Feature/ForgotPasswordTest.php" line="26" assertions="1" time="0.108127"/>
        <testcase name="testUserCanResetPasswordWithValidEmail" class="Tests\Feature\ForgotPasswordTest" classname="Tests.Feature.ForgotPasswordTest" file="/home/vagrant/thinkbit/web-app-laravel-boilerplate/tests/Feature/ForgotPasswordTest.php" line="32" assertions="1" time="0.178714">
          <failure type="PHPUnit\Framework\ExpectationFailedException">Tests\Feature\ForgotPasswordTest::testUserCanResetPasswordWithValidEmail
Failed asserting that '{\n
    "message": "CSRF token mismatch.",\n
    "exception": "Symfony\\Component\\HttpKernel\\Exception\\HttpException",\n
    "file": "/home/vagrant/thinkbit/web-app-laravel-boilerplate/vendor/laravel/framework/src/Illuminate/Foundation/Exceptions/Handler.php",\n
    "line": 226,\n
    "trace": [\n
        {\n
            "file": "/home/vagrant/thinkbit/web-app-laravel-boilerplate/vendor/laravel/framework/src/Illuminate/Foundation/Exceptions/Handler.php",\n
            "line": 198,\n
            "function": "prepareException",\n
            "class": "Illuminate\\Foundation\\Exceptions\\Handler",\n
            "type": "-&gt;"\n
        },\n
        {\n
            "file": "/home/vagrant/thinkbit/web-app-laravel-boilerplate/vendor/nunomaduro/collision/src/Adapters/Laravel/ExceptionHandler.php",\n
            "line": 65,\n
            "function": "render",\n
            "class": "Illuminate\\Foundation\\Exceptions\\Handler",\n
            "type": "-&gt;"\n
        },\n
        {\n
            "file": "/home/vagrant/thinkbit/web-app-laravel-boilerplate/vendor/laravel/framework/src/Illuminate/Routing/Pipeline.php",\n
            "line": 51,\n
            "function": "render",\n
            "class": "NunoMaduro\\Collision\\Adapters\\Laravel\\ExceptionHandler",\n
            "type": "-&gt;"\n
        },\n
        {\n
            "file": "/home/vagrant/thinkbit/web-app-laravel-boilerplate/vendor/laravel/framework/src/Illuminate/Pipeline/Pipeline.php",\n
            "line": 172,\n
            "function": "handleException",\n
            "class": "Illuminate\\Routing\\Pipeline",\n
            "type": "-&gt;"\n
        },\n
        {\n
            "file": "/home/vagrant/thinkbit/web-app-laravel-boilerplate/vendor/laravel/framework/src/Illuminate/View/Middleware/ShareErrorsFromSession.php",\n
            "line": 49,\n
            "function": "Illuminate\\Pipeline\\{closure}",\n
            "class": "Illuminate\\Pipeline\\Pipeline",\n
            "type": "-&gt;"\n
        },\n
        {\n
            "file": "/home/vagrant/thinkbit/web-app-laravel-boilerplate/vendor/laravel/framework/src/Illuminate/Pipeline/Pipeline.php",\n
            "line": 167,\n
            "function": "handle",\n
            "class": "Illuminate\\View\\Middleware\\ShareErrorsFromSession",\n
            "type": "-&gt;"\n
        },\n
        {\n
            "file": "/home/vagrant/thinkbit/web-app-laravel-boilerplate/vendor/laravel/framework/src/Illuminate/Session/Middleware/StartSession.php",\n
            "line": 116,\n
            "function": "Illuminate\\Pipeline\\{closure}",\n
            "class": "Illuminate\\Pipeline\\Pipeline",\n
            "type": "-&gt;"\n
        },\n
        {\n
            "file": "/home/vagrant/thinkbit/web-app-laravel-boilerplate/vendor/laravel/framework/src/Illuminate/Session/Middleware/StartSession.php",\n
            "line": 62,\n
            "function": "handleStatefulRequest",\n
            "class": "Illuminate\\Session\\Middleware\\StartSession",\n
            "type": "-&gt;"\n
        },\n
        {\n
            "file": "/home/vagrant/thinkbit/web-app-laravel-boilerplate/vendor/laravel/framework/src/Illuminate/Pipeline/Pipeline.php",\n
            "line": 167,\n
            "function": "handle",\n
            "class": "Illuminate\\Session\\Middleware\\StartSession",\n
            "type": "-&gt;"\n
        },\n
        {\n
            "file": "/home/vagrant/thinkbit/web-app-laravel-boilerplate/vendor/laravel/framework/src/Illuminate/Cookie/Middleware/AddQueuedCookiesToResponse.php",\n
            "line": 37,\n
            "function": "Illuminate\\Pipeline\\{closure}",\n
            "class": "Illuminate\\Pipeline\\Pipeline",\n
            "type": "-&gt;"\n
        },\n
        {\n
            "file": "/home/vagrant/thinkbit/web-app-laravel-boilerplate/vendor/laravel/framework/src/Illuminate/Pipeline/Pipeline.php",\n
            "line": 167,\n
            "function": "handle",\n
            "class": "Illuminate\\Cookie\\Middleware\\AddQueuedCookiesToResponse",\n
            "type": "-&gt;"\n
        },\n
        {\n
            "file": "/home/vagrant/thinkbit/web-app-laravel-boilerplate/vendor/laravel/framework/src/Illuminate/Cookie/Middleware/EncryptCookies.php",\n
            "line": 67,\n
            "function": "Illuminate\\Pipeline\\{closure}",\n
            "class": "Illuminate\\Pipeline\\Pipeline",\n
            "type": "-&gt;"\n
        },\n
        {\n
            "file": "/home/vagrant/thinkbit/web-app-laravel-boilerplate/vendor/laravel/framework/src/Illuminate/Pipeline/Pipeline.php",\n
            "line": 167,\n
            "function": "handle",\n
            "class": "Illuminate\\Cookie\\Middleware\\EncryptCookies",\n
            "type": "-&gt;"\n
        },\n
        {\n
            "file": "/home/vagrant/thinkbit/web-app-laravel-boilerplate/vendor/akaunting/firewall/src/Abstracts/Middleware.php",\n
            "line": 29,\n
            "function": "Illuminate\\Pipeline\\{closure}",\n
            "class": "Illuminate\\Pipeline\\Pipeline",\n
            "type": "-&gt;"\n
        },\n
        {\n
            "file": "/home/vagrant/thinkbit/web-app-laravel-boilerplate/vendor/laravel/framework/src/Illuminate/Pipeline/Pipeline.php",\n
            "line": 167,\n
            "function": "handle",\n
            "class": "Akaunting\\Firewall\\Abstracts\\Middleware",\n
            "type": "-&gt;"\n
        },\n
        {\n
            "file": "/home/vagrant/thinkbit/web-app-laravel-boilerplate/vendor/akaunting/firewall/src/Abstracts/Middleware.php",\n
            "line": 29,\n
            "function": "Illuminate\\Pipeline\\{closure}",\n
            "class": "Illuminate\\Pipeline\\Pipeline",\n
            "type": "-&gt;"\n
        },\n
        {\n
            "file": "/home/vagrant/thinkbit/web-app-laravel-boilerplate/vendor/laravel/framework/src/Illuminate/Pipeline/Pipeline.php",\n
            "line": 167,\n
            "function": "handle",\n
            "class": "Akaunting\\Firewall\\Abstracts\\Middleware",\n
            "type": "-&gt;"\n
        },\n
        {\n
            "file": "/home/vagrant/thinkbit/web-app-laravel-boilerplate/vendor/akaunting/firewall/src/Abstracts/Middleware.php",\n
            "line": 29,\n
            "function": "Illuminate\\Pipeline\\{closure}",\n
            "class": "Illuminate\\Pipeline\\Pipeline",\n
            "type": "-&gt;"\n
        },\n
        {\n
            "file": "/home/vagrant/thinkbit/web-app-laravel-boilerplate/vendor/laravel/framework/src/Illuminate/Pipeline/Pipeline.php",\n
            "line": 167,\n
            "function": "handle",\n
            "class": "Akaunting\\Firewall\\Abstracts\\Middleware",\n
            "type": "-&gt;"\n
        },\n
        {\n
            "file": "/home/vagrant/thinkbit/web-app-laravel-boilerplate/vendor/akaunting/firewall/src/Abstracts/Middleware.php",\n
            "line": 29,\n
            "function": "Illuminate\\Pipeline\\{closure}",\n
            "class": "Illuminate\\Pipeline\\Pipeline",\n
            "type": "-&gt;"\n
        },\n
        {\n
            "file": "/home/vagrant/thinkbit/web-app-laravel-boilerplate/vendor/laravel/framework/src/Illuminate/Pipeline/Pipeline.php",\n
            "line": 167,\n
            "function": "handle",\n
            "class": "Akaunting\\Firewall\\Abstracts\\Middleware",\n
            "type": "-&gt;"\n
        },\n
        {\n
            "file": "/home/vagrant/thinkbit/web-app-laravel-boilerplate/vendor/akaunting/firewall/src/Abstracts/Middleware.php",\n
            "line": 29,\n
            "function": "Illuminate\\Pipeline\\{closure}",\n
            "class": "Illuminate\\Pipeline\\Pipeline",\n
            "type": "-&gt;"\n
        },\n
        {\n
            "file": "/home/vagrant/thinkbit/web-app-laravel-boilerplate/vendor/laravel/framework/src/Illuminate/Pipeline/Pipeline.php",\n
            "line": 167,\n
            "function": "handle",\n
            "class": "Akaunting\\Firewall\\Abstracts\\Middleware",\n
            "type": "-&gt;"\n
        },\n
        {\n
            "file": "/home/vagrant/thinkbit/web-app-laravel-boilerplate/vendor/akaunting/firewall/src/Abstracts/Middleware.php",\n
            "line": 29,\n
            "function": "Illuminate\\Pipeline\\{closure}",\n
            "class": "Illuminate\\Pipeline\\Pipeline",\n
            "type": "-&gt;"\n
        },\n
        {\n
            "file": "/home/vagrant/thinkbit/web-app-laravel-boilerplate/vendor/laravel/framework/src/Illuminate/Pipeline/Pipeline.php",\n
            "line": 167,\n
            "function": "handle",\n
            "class": "Akaunting\\Firewall\\Abstracts\\Middleware",\n
            "type": "-&gt;"\n
        },\n
        {\n
            "file": "/home/vagrant/thinkbit/web-app-laravel-boilerplate/vendor/akaunting/firewall/src/Abstracts/Middleware.php",\n
            "line": 29,\n
            "function": "Illuminate\\Pipeline\\{closure}",\n
            "class": "Illuminate\\Pipeline\\Pipeline",\n
            "type": "-&gt;"\n
        },\n
        {\n
            "file": "/home/vagrant/thinkbit/web-app-laravel-boilerplate/vendor/laravel/framework/src/Illuminate/Pipeline/Pipeline.php",\n
            "line": 167,\n
            "function": "handle",\n
            "class": "Akaunting\\Firewall\\Abstracts\\Middleware",\n
            "type": "-&gt;"\n
        },\n
        {\n
            "file": "/home/vagrant/thinkbit/web-app-laravel-boilerplate/vendor/akaunting/firewall/src/Abstracts/Middleware.php",\n
            "line": 29,\n
            "function": "Illuminate\\Pipeline\\{closure}",\n
            "class": "Illuminate\\Pipeline\\Pipeline",\n
            "type": "-&gt;"\n
        },\n
        {\n
            "file": "/home/vagrant/thinkbit/web-app-laravel-boilerplate/vendor/laravel/framework/src/Illuminate/Pipeline/Pipeline.php",\n
            "line": 167,\n
            "function": "handle",\n
            "class": "Akaunting\\Firewall\\Abstracts\\Middleware",\n
            "type": "-&gt;"\n
        },\n
        {\n
            "file": "/home/vagrant/thinkbit/web-app-laravel-boilerplate/vendor/akaunting/firewall/src/Abstracts/Middleware.php",\n
            "line": 29,\n
            "function": "Illuminate\\Pipeline\\{closure}",\n
            "class": "Illuminate\\Pipeline\\Pipeline",\n
            "type": "-&gt;"\n
        },\n
        {\n
            "file": "/home/vagrant/thinkbit/web-app-laravel-boilerplate/vendor/laravel/framework/src/Illuminate/Pipeline/Pipeline.php",\n
            "line": 167,\n
            "function": "handle",\n
            "class": "Akaunting\\Firewall\\Abstracts\\Middleware",\n
            "type": "-&gt;"\n
        },\n
        {\n
            "file": "/home/vagrant/thinkbit/web-app-laravel-boilerplate/vendor/akaunting/firewall/src/Abstracts/Middleware.php",\n
            "line": 29,\n
            "function": "Illuminate\\Pipeline\\{closure}",\n
            "class": "Illuminate\\Pipeline\\Pipeline",\n
            "type": "-&gt;"\n
        },\n
        {\n
            "file": "/home/vagrant/thinkbit/web-app-laravel-boilerplate/vendor/laravel/framework/src/Illuminate/Pipeline/Pipeline.php",\n
            "line": 167,\n
            "function": "handle",\n
            "class": "Akaunting\\Firewall\\Abstracts\\Middleware",\n
            "type": "-&gt;"\n
        },\n
        {\n
            "file": "/home/vagrant/thinkbit/web-app-laravel-boilerplate/vendor/akaunting/firewall/src/Abstracts/Middleware.php",\n
            "line": 29,\n
            "function": "Illuminate\\Pipeline\\{closure}",\n
            "class": "Illuminate\\Pipeline\\Pipeline",\n
            "type": "-&gt;"\n
        },\n
        {\n
            "file": "/home/vagrant/thinkbit/web-app-laravel-boilerplate/vendor/laravel/framework/src/Illuminate/Pipeline/Pipeline.php",\n
            "line": 167,\n
            "function": "handle",\n
            "class": "Akaunting\\Firewall\\Abstracts\\Middleware",\n
            "type": "-&gt;"\n
        },\n
        {\n
            "file": "/home/vagrant/thinkbit/web-app-laravel-boilerplate/vendor/akaunting/firewall/src/Abstracts/Middleware.php",\n
            "line": 29,\n
            "function": "Illuminate\\Pipeline\\{closure}",\n
            "class": "Illuminate\\Pipeline\\Pipeline",\n
            "type": "-&gt;"\n
        },\n
        {\n
            "file": "/home/vagrant/thinkbit/web-app-laravel-boilerplate/vendor/laravel/framework/src/Illuminate/Pipeline/Pipeline.php",\n
            "line": 167,\n
            "function": "handle",\n
            "class": "Akaunting\\Firewall\\Abstracts\\Middleware",\n
            "type": "-&gt;"\n
        },\n
        {\n
            "file": "/home/vagrant/thinkbit/web-app-laravel-boilerplate/vendor/laravel/framework/src/Illuminate/Pipeline/Pipeline.php",\n
            "line": 103,\n
            "function": "Illuminate\\Pipeline\\{closure}",\n
            "class": "Illuminate\\Pipeline\\Pipeline",\n
            "type": "-&gt;"\n
        },\n
        {\n
            "file": "/home/vagrant/thinkbit/web-app-laravel-boilerplate/vendor/laravel/framework/src/Illuminate/Routing/Router.php",\n
            "line": 687,\n
            "function": "then",\n
            "class": "Illuminate\\Pipeline\\Pipeline",\n
            "type": "-&gt;"\n
        },\n
        {\n
            "file": "/home/vagrant/thinkbit/web-app-laravel-boilerplate/vendor/laravel/framework/src/Illuminate/Routing/Router.php",\n
            "line": 662,\n
            "function": "runRouteWithinStack",\n
            "class": "Illuminate\\Routing\\Router",\n
            "type": "-&gt;"\n
        },\n
        {\n
            "file": "/home/vagrant/thinkbit/web-app-laravel-boilerplate/vendor/laravel/framework/src/Illuminate/Routing/Router.php",\n
            "line": 628,\n
            "function": "runRoute",\n
            "class": "Illuminate\\Routing\\Router",\n
            "type": "-&gt;"\n
        },\n
        {\n
            "file": "/home/vagrant/thinkbit/web-app-laravel-boilerplate/vendor/laravel/framework/src/Illuminate/Routing/Router.php",\n
            "line": 617,\n
            "function": "dispatchToRoute",\n
            "class": "Illuminate\\Routing\\Router",\n
            "type": "-&gt;"\n
        },\n
        {\n
            "file": "/home/vagrant/thinkbit/web-app-laravel-boilerplate/vendor/laravel/framework/src/Illuminate/Foundation/Http/Kernel.php",\n
            "line": 165,\n
            "function": "dispatch",\n
            "class": "Illuminate\\Routing\\Router",\n
            "type": "-&gt;"\n
        },\n
        {\n
            "file": "/home/vagrant/thinkbit/web-app-laravel-boilerplate/vendor/laravel/framework/src/Illuminate/Pipeline/Pipeline.php",\n
            "line": 128,\n
            "function": "Illuminate\\Foundation\\Http\\{closure}",\n
            "class": "Illuminate\\Foundation\\Http\\Kernel",\n
            "type": "-&gt;"\n
        },\n
        {\n
            "file": "/home/vagrant/thinkbit/web-app-laravel-boilerplate/app/Http/Middleware/TrimBigRedirects.php",\n
            "line": 15,\n
            "function": "Illuminate\\Pipeline\\{closure}",\n
            "class": "Illuminate\\Pipeline\\Pipeline",\n
            "type": "-&gt;"\n
        },\n
        {\n
            "file": "/home/vagrant/thinkbit/web-app-laravel-boilerplate/vendor/laravel/framework/src/Illuminate/Pipeline/Pipeline.php",\n
            "line": 167,\n
            "function": "handle",\n
            "class": "App\\Http\\Middleware\\TrimBigRedirects",\n
            "type": "-&gt;"\n
        },\n
        {\n
            "file": "/home/vagrant/thinkbit/web-app-laravel-boilerplate/vendor/laravel/framework/src/Illuminate/Foundation/Http/Middleware/TransformsRequest.php",\n
            "line": 21,\n
            "function": "Illuminate\\Pipeline\\{closure}",\n
            "class": "Illuminate\\Pipeline\\Pipeline",\n
            "type": "-&gt;"\n
        },\n
        {\n
            "file": "/home/vagrant/thinkbit/web-app-laravel-boilerplate/vendor/laravel/framework/src/Illuminate/Pipeline/Pipeline.php",\n
            "line": 167,\n
            "function": "handle",\n
            "class": "Illuminate\\Foundation\\Http\\Middleware\\TransformsRequest",\n
            "type": "-&gt;"\n
        },\n
        {\n
            "file": "/home/vagrant/thinkbit/web-app-laravel-boilerplate/vendor/laravel/framework/src/Illuminate/Foundation/Http/Middleware/TransformsRequest.php",\n
            "line": 21,\n
            "function": "Illuminate\\Pipeline\\{closure}",\n
            "class": "Illuminate\\Pipeline\\Pipeline",\n
            "type": "-&gt;"\n
        },\n
        {\n
            "file": "/home/vagrant/thinkbit/web-app-laravel-boilerplate/vendor/laravel/framework/src/Illuminate/Pipeline/Pipeline.php",\n
            "line": 167,\n
            "function": "handle",\n
            "class": "Illuminate\\Foundation\\Http\\Middleware\\TransformsRequest",\n
            "type": "-&gt;"\n
        },\n
        {\n
            "file": "/home/vagrant/thinkbit/web-app-laravel-boilerplate/vendor/laravel/framework/src/Illuminate/Foundation/Http/Middleware/ValidatePostSize.php",\n
            "line": 27,\n
            "function": "Illuminate\\Pipeline\\{closure}",\n
            "class": "Illuminate\\Pipeline\\Pipeline",\n
            "type": "-&gt;"\n
        },\n
        {\n
            "file": "/home/vagrant/thinkbit/web-app-laravel-boilerplate/vendor/laravel/framework/src/Illuminate/Pipeline/Pipeline.php",\n
            "line": 167,\n
            "function": "handle",\n
            "class": "Illuminate\\Foundation\\Http\\Middleware\\ValidatePostSize",\n
            "type": "-&gt;"\n
        },\n
        {\n
            "file": "/home/vagrant/thinkbit/web-app-laravel-boilerplate/vendor/laravel/framework/src/Illuminate/Foundation/Http/Middleware/CheckForMaintenanceMode.php",\n
            "line": 63,\n
            "function": "Illuminate\\Pipeline\\{closure}",\n
            "class": "Illuminate\\Pipeline\\Pipeline",\n
            "type": "-&gt;"\n
        },\n
        {\n
            "file": "/home/vagrant/thinkbit/web-app-laravel-boilerplate/vendor/laravel/framework/src/Illuminate/Pipeline/Pipeline.php",\n
            "line": 167,\n
            "function": "handle",\n
            "class": "Illuminate\\Foundation\\Http\\Middleware\\CheckForMaintenanceMode",\n
            "type": "-&gt;"\n
        },\n
        {\n
            "file": "/home/vagrant/thinkbit/web-app-laravel-boilerplate/vendor/fideloper/proxy/src/TrustProxies.php",\n
            "line": 57,\n
            "function": "Illuminate\\Pipeline\\{closure}",\n
            "class": "Illuminate\\Pipeline\\Pipeline",\n
            "type": "-&gt;"\n
        },\n
        {\n
            "file": "/home/vagrant/thinkbit/web-app-laravel-boilerplate/vendor/laravel/framework/src/Illuminate/Pipeline/Pipeline.php",\n
            "line": 167,\n
            "function": "handle",\n
            "class": "Fideloper\\Proxy\\TrustProxies",\n
            "type": "-&gt;"\n
        },\n
        {\n
            "file": "/home/vagrant/thinkbit/web-app-laravel-boilerplate/vendor/fruitcake/laravel-cors/src/HandleCors.php",\n
            "line": 37,\n
            "function": "Illuminate\\Pipeline\\{closure}",\n
            "class": "Illuminate\\Pipeline\\Pipeline",\n
            "type": "-&gt;"\n
        },\n
        {\n
            "file": "/home/vagrant/thinkbit/web-app-laravel-boilerplate/vendor/laravel/framework/src/Illuminate/Pipeline/Pipeline.php",\n
            "line": 167,\n
            "function": "handle",\n
            "class": "Fruitcake\\Cors\\HandleCors",\n
            "type": "-&gt;"\n
        },\n
        {\n
            "file": "/home/vagrant/thinkbit/web-app-laravel-boilerplate/app/Http/Middleware/ForceSecure.php",\n
            "line": 24,\n
            "function": "Illuminate\\Pipeline\\{closure}",\n
            "class": "Illuminate\\Pipeline\\Pipeline",\n
            "type": "-&gt;"\n
        },\n
        {\n
            "file": "/home/vagrant/thinkbit/web-app-laravel-boilerplate/vendor/laravel/framework/src/Illuminate/Pipeline/Pipeline.php",\n
            "line": 167,\n
            "function": "handle",\n
            "class": "App\\Http\\Middleware\\ForceSecure",\n
            "type": "-&gt;"\n
        },\n
        {\n
            "file": "/home/vagrant/thinkbit/web-app-laravel-boilerplate/vendor/laravel/framework/src/Illuminate/Pipeline/Pipeline.php",\n
            "line": 103,\n
            "function": "Illuminate\\Pipeline\\{closure}",\n
            "class": "Illuminate\\Pipeline\\Pipeline",\n
            "type": "-&gt;"\n
        },\n
        {\n
            "file": "/home/vagrant/thinkbit/web-app-laravel-boilerplate/vendor/laravel/framework/src/Illuminate/Foundation/Http/Kernel.php",\n
            "line": 140,\n
            "function": "then",\n
            "class": "Illuminate\\Pipeline\\Pipeline",\n
            "type": "-&gt;"\n
        },\n
        {\n
            "file": "/home/vagrant/thinkbit/web-app-laravel-boilerplate/vendor/laravel/framework/src/Illuminate/Foundation/Http/Kernel.php",\n
            "line": 109,\n
            "function": "sendRequestThroughRouter",\n
            "class": "Illuminate\\Foundation\\Http\\Kernel",\n
            "type": "-&gt;"\n
        },\n
        {\n
            "file": "/home/vagrant/thinkbit/web-app-laravel-boilerplate/vendor/laravel/framework/src/Illuminate/Foundation/Testing/Concerns/MakesHttpRequests.php",\n
            "line": 508,\n
            "function": "handle",\n
            "class": "Illuminate\\Foundation\\Http\\Kernel",\n
            "type": "-&gt;"\n
        },\n
        {\n
            "file": "/home/vagrant/thinkbit/web-app-laravel-boilerplate/vendor/laravel/framework/src/Illuminate/Foundation/Testing/Concerns/MakesHttpRequests.php",\n
            "line": 474,\n
            "function": "call",\n
            "class": "Illuminate\\Foundation\\Testing\\TestCase",\n
            "type": "-&gt;"\n
        },\n
        {\n
            "file": "/home/vagrant/thinkbit/web-app-laravel-boilerplate/tests/Feature/ForgotPasswordTest.php",\n
            "line": 46,\n
            "function": "json",\n
            "class": "Illuminate\\Foundation\\Testing\\TestCase",\n
            "type": "-&gt;"\n
        },\n
        {\n
            "file": "/home/vagrant/thinkbit/web-app-laravel-boilerplate/vendor/phpunit/phpunit/src/Framework/TestCase.php",\n
            "line": 1533,\n
            "function": "testUserCanResetPasswordWithValidEmail",\n
            "class": "Tests\\Feature\\ForgotPasswordTest",\n
            "type": "-&gt;"\n
        },\n
        {\n
            "file": "/home/vagrant/thinkbit/web-app-laravel-boilerplate/vendor/phpunit/phpunit/src/Framework/TestCase.php",\n
            "line": 1139,\n
            "function": "runTest",\n
            "class": "PHPUnit\\Framework\\TestCase",\n
            "type": "-&gt;"\n
        },\n
        {\n
            "file": "/home/vagrant/thinkbit/web-app-laravel-boilerplate/vendor/phpunit/phpunit/src/Framework/TestResult.php",\n
            "line": 730,\n
            "function": "runBare",\n
            "class": "PHPUnit\\Framework\\TestCase",\n
            "type": "-&gt;"\n
        },\n
        {\n
            "file": "/home/vagrant/thinkbit/web-app-laravel-boilerplate/vendor/phpunit/phpunit/src/Framework/TestCase.php",\n
            "line": 880,\n
            "function": "run",\n
            "class": "PHPUnit\\Framework\\TestResult",\n
            "type": "-&gt;"\n
        },\n
        {\n
            "file": "/home/vagrant/thinkbit/web-app-laravel-boilerplate/vendor/phpunit/phpunit/src/Framework/TestSuite.php",\n
            "line": 665,\n
            "function": "run",\n
            "class": "PHPUnit\\Framework\\TestCase",\n
            "type": "-&gt;"\n
        },\n
        {\n
            "file": "/home/vagrant/thinkbit/web-app-laravel-boilerplate/vendor/phpunit/phpunit/src/Framework/TestSuite.php",\n
            "line": 665,\n
            "function": "run",\n
            "class": "PHPUnit\\Framework\\TestSuite",\n
            "type": "-&gt;"\n
        },\n
        {\n
            "file": "/home/vagrant/thinkbit/web-app-laravel-boilerplate/vendor/phpunit/phpunit/src/Framework/TestSuite.php",\n
            "line": 665,\n
            "function": "run",\n
            "class": "PHPUnit\\Framework\\TestSuite",\n
            "type": "-&gt;"\n
        },\n
        {\n
            "file": "/home/vagrant/thinkbit/web-app-laravel-boilerplate/vendor/phpunit/phpunit/src/TextUI/TestRunner.php",\n
            "line": 671,\n
            "function": "run",\n
            "class": "PHPUnit\\Framework\\TestSuite",\n
            "type": "-&gt;"\n
        },\n
        {\n
            "file": "/home/vagrant/thinkbit/web-app-laravel-boilerplate/vendor/phpunit/phpunit/src/TextUI/Command.php",\n
            "line": 148,\n
            "function": "run",\n
            "class": "PHPUnit\\TextUI\\TestRunner",\n
            "type": "-&gt;"\n
        },\n
        {\n
            "file": "/home/vagrant/thinkbit/web-app-laravel-boilerplate/vendor/phpunit/phpunit/src/TextUI/Command.php",\n
            "line": 101,\n
            "function": "run",\n
            "class": "PHPUnit\\TextUI\\Command",\n
            "type": "-&gt;"\n
        },\n
        {\n
            "file": "/home/vagrant/thinkbit/web-app-laravel-boilerplate/vendor/phpunit/phpunit/phpunit",\n
            "line": 61,\n
            "function": "main",\n
            "class": "PHPUnit\\TextUI\\Command",\n
            "type": "::"\n
        }\n
    ]\n
}' contains "We will verify your email address then email your password reset link.".

/home/vagrant/thinkbit/web-app-laravel-boilerplate/vendor/laravel/framework/src/Illuminate/Testing/TestResponse.php:402
/home/vagrant/thinkbit/web-app-laravel-boilerplate/tests/Feature/ForgotPasswordTest.php:49</failure>
        </testcase>
        <testcase name="testUserCanViewPasswordResetPage" class="Tests\Feature\ForgotPasswordTest" classname="Tests.Feature.ForgotPasswordTest" file="/home/vagrant/thinkbit/web-app-laravel-boilerplate/tests/Feature/ForgotPasswordTest.php" line="52" assertions="1" time="0.252011"/>
        <testcase name="testUserCanSubmitPasswordReset" class="Tests\Feature\ForgotPasswordTest" classname="Tests.Feature.ForgotPasswordTest" file="/home/vagrant/thinkbit/web-app-laravel-boilerplate/tests/Feature/ForgotPasswordTest.php" line="76" assertions="1" time="0.248287">
          <failure type="PHPUnit\Framework\ExpectationFailedException">Tests\Feature\ForgotPasswordTest::testUserCanSubmitPasswordReset
Response status code [419] is not a successful status code.
Failed asserting that false is true.

/home/vagrant/thinkbit/web-app-laravel-boilerplate/vendor/laravel/framework/src/Illuminate/Testing/TestResponse.php:74
/home/vagrant/thinkbit/web-app-laravel-boilerplate/tests/Feature/ForgotPasswordTest.php:100</failure>
        </testcase>
      </testsuite>
      <testsuite name="Tests\Feature\LoginTest" file="/home/vagrant/thinkbit/web-app-laravel-boilerplate/tests/Feature/LoginTest.php" tests="2" assertions="2" errors="0" warnings="0" failures="1" skipped="0" time="0.365426">
        <testcase name="testUserCanViewLoginPage" class="Tests\Feature\LoginTest" classname="Tests.Feature.LoginTest" file="/home/vagrant/thinkbit/web-app-laravel-boilerplate/tests/Feature/LoginTest.php" line="21" assertions="1" time="0.144468"/>
        <testcase name="testUserCanLoginWithValidCredentials" class="Tests\Feature\LoginTest" classname="Tests.Feature.LoginTest" file="/home/vagrant/thinkbit/web-app-laravel-boilerplate/tests/Feature/LoginTest.php" line="27" assertions="1" time="0.220958">
          <failure type="PHPUnit\Framework\ExpectationFailedException">Tests\Feature\LoginTest::testUserCanLoginWithValidCredentials
Expected status code 302 but received 419.
Failed asserting that 302 is identical to 419.

/home/vagrant/thinkbit/web-app-laravel-boilerplate/vendor/laravel/framework/src/Illuminate/Testing/TestResponse.php:186
/home/vagrant/thinkbit/web-app-laravel-boilerplate/tests/Feature/LoginTest.php:47</failure>
        </testcase>
      </testsuite>
      <testsuite name="Tests\Feature\RoutesTest" file="/home/vagrant/thinkbit/web-app-laravel-boilerplate/tests/Feature/RoutesTest.php" tests="1" assertions="1" errors="0" warnings="0" failures="0" skipped="0" time="5.420539">
        <testcase name="testRoutesHaveNoServerErrors" class="Tests\Feature\RoutesTest" classname="Tests.Feature.RoutesTest" file="/home/vagrant/thinkbit/web-app-laravel-boilerplate/tests/Feature/RoutesTest.php" line="18" assertions="1" time="5.420539"/>
      </testsuite>
    </testsuite>
  </testsuite>
</testsuites>
