<?xml version="1.0" encoding="UTF-8"?>
<testsuites>
  <testsuite name="" tests="26" assertions="70" errors="0" warnings="0" failures="0" skipped="0" time="9.077536">
    <testsuite name="Unit" tests="1" assertions="1" errors="0" warnings="0" failures="0" skipped="0" time="0.018904">
      <testsuite name="Tests\Unit\ExampleTest" file="/home/vagrant/developer/repos/thinkbit/web-app-laravel-boilerplate/tests/Unit/ExampleTest.php" tests="1" assertions="1" errors="0" warnings="0" failures="0" skipped="0" time="0.018904">
        <testcase name="testBasicTest" class="Tests\Unit\ExampleTest" classname="Tests.Unit.ExampleTest" file="/home/vagrant/developer/repos/thinkbit/web-app-laravel-boilerplate/tests/Unit/ExampleTest.php" line="14" assertions="1" time="0.018904"/>
      </testsuite>
    </testsuite>
    <testsuite name="Feature" tests="25" assertions="69" errors="0" warnings="0" failures="0" skipped="0" time="9.058631">
      <testsuite name="Tests\Feature\Api\CronJobControllerTest" file="/home/vagrant/developer/repos/thinkbit/web-app-laravel-boilerplate/tests/Feature/Api/CronJobControllerTest.php" tests="3" assertions="4" errors="0" warnings="0" failures="0" skipped="0" time="2.654760">
        <testcase name="testCronJobOnlyAvailableOnGCPAppEngine" class="Tests\Feature\Api\CronJobControllerTest" classname="Tests.Feature.Api.CronJobControllerTest" file="/home/vagrant/developer/repos/thinkbit/web-app-laravel-boilerplate/tests/Feature/Api/CronJobControllerTest.php" line="9" assertions="1" time="0.620003"/>
        <testcase name="testCronJobOnlyAvailableOnGCPForwarder" class="Tests\Feature\Api\CronJobControllerTest" classname="Tests.Feature.Api.CronJobControllerTest" file="/home/vagrant/developer/repos/thinkbit/web-app-laravel-boilerplate/tests/Feature/Api/CronJobControllerTest.php" line="16" assertions="1" time="0.046002"/>
        <testcase name="testCronJobTriggersScheduleRun" class="Tests\Feature\Api\CronJobControllerTest" classname="Tests.Feature.Api.CronJobControllerTest" file="/home/vagrant/developer/repos/thinkbit/web-app-laravel-boilerplate/tests/Feature/Api/CronJobControllerTest.php" line="23" assertions="2" time="1.988756"/>
      </testsuite>
      <testsuite name="Tests\Feature\Api\Users\FcmRegsitrationTokensControllerDestroyTest" file="/home/vagrant/developer/repos/thinkbit/web-app-laravel-boilerplate/tests/Feature/Api/Users/FcmRegsitrationTokensControllerDestroyTest.php" tests="7" assertions="26" errors="0" warnings="0" failures="0" skipped="0" time="2.872046">
        <testcase name="testRemoveTokenRetainsNotificationKey" class="Tests\Feature\Api\Users\FcmRegsitrationTokensControllerDestroyTest" classname="Tests.Feature.Api.Users.FcmRegsitrationTokensControllerDestroyTest" file="/home/vagrant/developer/repos/thinkbit/web-app-laravel-boilerplate/tests/Feature/Api/Users/FcmRegsitrationTokensControllerDestroyTest.php" line="21" assertions="5" time="2.516546"/>
        <testcase name="testRemoveAllTokensRemovesNotificationKey" class="Tests\Feature\Api\Users\FcmRegsitrationTokensControllerDestroyTest" classname="Tests.Feature.Api.Users.FcmRegsitrationTokensControllerDestroyTest" file="/home/vagrant/developer/repos/thinkbit/web-app-laravel-boilerplate/tests/Feature/Api/Users/FcmRegsitrationTokensControllerDestroyTest.php" line="66" assertions="5" time="0.069393"/>
        <testcase name="testTokenMustBeAuthorized" class="Tests\Feature\Api\Users\FcmRegsitrationTokensControllerDestroyTest" classname="Tests.Feature.Api.Users.FcmRegsitrationTokensControllerDestroyTest" file="/home/vagrant/developer/repos/thinkbit/web-app-laravel-boilerplate/tests/Feature/Api/Users/FcmRegsitrationTokensControllerDestroyTest.php" line="105" assertions="2" time="0.051786"/>
        <testcase name="testTokenIsForbiddenForOtherUser" class="Tests\Feature\Api\Users\FcmRegsitrationTokensControllerDestroyTest" classname="Tests.Feature.Api.Users.FcmRegsitrationTokensControllerDestroyTest" file="/home/vagrant/developer/repos/thinkbit/web-app-laravel-boilerplate/tests/Feature/Api/Users/FcmRegsitrationTokensControllerDestroyTest.php" line="122" assertions="2" time="0.057730"/>
        <testcase name="testTokenIsUnprocessableEntityWithoutRequiredFields" class="Tests\Feature\Api\Users\FcmRegsitrationTokensControllerDestroyTest" classname="Tests.Feature.Api.Users.FcmRegsitrationTokensControllerDestroyTest" file="/home/vagrant/developer/repos/thinkbit/web-app-laravel-boilerplate/tests/Feature/Api/Users/FcmRegsitrationTokensControllerDestroyTest.php" line="146" assertions="4" time="0.069766"/>
        <testcase name="testTokenIsUnprocessableEntityWithoutStringFields" class="Tests\Feature\Api\Users\FcmRegsitrationTokensControllerDestroyTest" classname="Tests.Feature.Api.Users.FcmRegsitrationTokensControllerDestroyTest" file="/home/vagrant/developer/repos/thinkbit/web-app-laravel-boilerplate/tests/Feature/Api/Users/FcmRegsitrationTokensControllerDestroyTest.php" line="166" assertions="4" time="0.052034"/>
        <testcase name="testTokenIsUnprocessableEntityWithoutExistingFields" class="Tests\Feature\Api\Users\FcmRegsitrationTokensControllerDestroyTest" classname="Tests.Feature.Api.Users.FcmRegsitrationTokensControllerDestroyTest" file="/home/vagrant/developer/repos/thinkbit/web-app-laravel-boilerplate/tests/Feature/Api/Users/FcmRegsitrationTokensControllerDestroyTest.php" line="186" assertions="4" time="0.054791"/>
      </testsuite>
      <testsuite name="Tests\Feature\Api\Users\FcmRegsitrationTokensControllerStoreTest" file="/home/vagrant/developer/repos/thinkbit/web-app-laravel-boilerplate/tests/Feature/Api/Users/FcmRegsitrationTokensControllerStoreTest.php" tests="8" assertions="32" errors="0" warnings="0" failures="0" skipped="0" time="0.831683">
        <testcase name="testNewTokenSavesNotificationKey" class="Tests\Feature\Api\Users\FcmRegsitrationTokensControllerStoreTest" classname="Tests.Feature.Api.Users.FcmRegsitrationTokensControllerStoreTest" file="/home/vagrant/developer/repos/thinkbit/web-app-laravel-boilerplate/tests/Feature/Api/Users/FcmRegsitrationTokensControllerStoreTest.php" line="22" assertions="5" time="0.093628"/>
        <testcase name="testNewTokenRemovesOldestTokenWhenMaxedOut" class="Tests\Feature\Api\Users\FcmRegsitrationTokensControllerStoreTest" classname="Tests.Feature.Api.Users.FcmRegsitrationTokensControllerStoreTest" file="/home/vagrant/developer/repos/thinkbit/web-app-laravel-boilerplate/tests/Feature/Api/Users/FcmRegsitrationTokensControllerStoreTest.php" line="58" assertions="6" time="0.193034"/>
        <testcase name="testNewTokenSavesEvenIfAnotherUserHasTheSameToken" class="Tests\Feature\Api\Users\FcmRegsitrationTokensControllerStoreTest" classname="Tests.Feature.Api.Users.FcmRegsitrationTokensControllerStoreTest" file="/home/vagrant/developer/repos/thinkbit/web-app-laravel-boilerplate/tests/Feature/Api/Users/FcmRegsitrationTokensControllerStoreTest.php" line="112" assertions="5" time="0.150790"/>
        <testcase name="testTokenMustBeAuthorized" class="Tests\Feature\Api\Users\FcmRegsitrationTokensControllerStoreTest" classname="Tests.Feature.Api.Users.FcmRegsitrationTokensControllerStoreTest" file="/home/vagrant/developer/repos/thinkbit/web-app-laravel-boilerplate/tests/Feature/Api/Users/FcmRegsitrationTokensControllerStoreTest.php" line="156" assertions="2" time="0.059640"/>
        <testcase name="testTokenIsForbiddenForOtherUser" class="Tests\Feature\Api\Users\FcmRegsitrationTokensControllerStoreTest" classname="Tests.Feature.Api.Users.FcmRegsitrationTokensControllerStoreTest" file="/home/vagrant/developer/repos/thinkbit/web-app-laravel-boilerplate/tests/Feature/Api/Users/FcmRegsitrationTokensControllerStoreTest.php" line="171" assertions="2" time="0.093486"/>
        <testcase name="testTokenIsUnprocessableEntityWithoutRequiredFields" class="Tests\Feature\Api\Users\FcmRegsitrationTokensControllerStoreTest" classname="Tests.Feature.Api.Users.FcmRegsitrationTokensControllerStoreTest" file="/home/vagrant/developer/repos/thinkbit/web-app-laravel-boilerplate/tests/Feature/Api/Users/FcmRegsitrationTokensControllerStoreTest.php" line="193" assertions="4" time="0.066819"/>
        <testcase name="testTokenIsUnprocessableEntityWithoutStringFields" class="Tests\Feature\Api\Users\FcmRegsitrationTokensControllerStoreTest" classname="Tests.Feature.Api.Users.FcmRegsitrationTokensControllerStoreTest" file="/home/vagrant/developer/repos/thinkbit/web-app-laravel-boilerplate/tests/Feature/Api/Users/FcmRegsitrationTokensControllerStoreTest.php" line="211" assertions="4" time="0.081275"/>
        <testcase name="testTokenIsUnprocessableEntityWithoutUniqueFields" class="Tests\Feature\Api\Users\FcmRegsitrationTokensControllerStoreTest" classname="Tests.Feature.Api.Users.FcmRegsitrationTokensControllerStoreTest" file="/home/vagrant/developer/repos/thinkbit/web-app-laravel-boilerplate/tests/Feature/Api/Users/FcmRegsitrationTokensControllerStoreTest.php" line="229" assertions="4" time="0.093012"/>
      </testsuite>
      <testsuite name="Tests\Feature\ForgotPasswordTest" file="/home/vagrant/developer/repos/thinkbit/web-app-laravel-boilerplate/tests/Feature/ForgotPasswordTest.php" tests="4" assertions="4" errors="0" warnings="0" failures="0" skipped="0" time="2.323913">
        <testcase name="testUserCanViewForgotPasswordPage" class="Tests\Feature\ForgotPasswordTest" classname="Tests.Feature.ForgotPasswordTest" file="/home/vagrant/developer/repos/thinkbit/web-app-laravel-boilerplate/tests/Feature/ForgotPasswordTest.php" line="26" assertions="1" time="0.145303"/>
        <testcase name="testUserCanResetPasswordWithValidEmail" class="Tests\Feature\ForgotPasswordTest" classname="Tests.Feature.ForgotPasswordTest" file="/home/vagrant/developer/repos/thinkbit/web-app-laravel-boilerplate/tests/Feature/ForgotPasswordTest.php" line="32" assertions="1" time="1.682720"/>
        <testcase name="testUserCanViewPasswordResetPage" class="Tests\Feature\ForgotPasswordTest" classname="Tests.Feature.ForgotPasswordTest" file="/home/vagrant/developer/repos/thinkbit/web-app-laravel-boilerplate/tests/Feature/ForgotPasswordTest.php" line="52" assertions="1" time="0.322976"/>
        <testcase name="testUserCanSubmitPasswordReset" class="Tests\Feature\ForgotPasswordTest" classname="Tests.Feature.ForgotPasswordTest" file="/home/vagrant/developer/repos/thinkbit/web-app-laravel-boilerplate/tests/Feature/ForgotPasswordTest.php" line="76" assertions="1" time="0.172914"/>
      </testsuite>
      <testsuite name="Tests\Feature\LoginTest" file="/home/vagrant/developer/repos/thinkbit/web-app-laravel-boilerplate/tests/Feature/LoginTest.php" tests="2" assertions="2" errors="0" warnings="0" failures="0" skipped="0" time="0.172436">
        <testcase name="testUserCanViewLoginPage" class="Tests\Feature\LoginTest" classname="Tests.Feature.LoginTest" file="/home/vagrant/developer/repos/thinkbit/web-app-laravel-boilerplate/tests/Feature/LoginTest.php" line="21" assertions="1" time="0.116246"/>
        <testcase name="testUserCanLoginWithValidCredentials" class="Tests\Feature\LoginTest" classname="Tests.Feature.LoginTest" file="/home/vagrant/developer/repos/thinkbit/web-app-laravel-boilerplate/tests/Feature/LoginTest.php" line="27" assertions="1" time="0.056189"/>
      </testsuite>
      <testsuite name="Tests\Feature\RoutesTest" file="/home/vagrant/developer/repos/thinkbit/web-app-laravel-boilerplate/tests/Feature/RoutesTest.php" tests="1" assertions="1" errors="0" warnings="0" failures="0" skipped="0" time="0.203793">
        <testcase name="testRoutesHaveNoServerErrors" class="Tests\Feature\RoutesTest" classname="Tests.Feature.RoutesTest" file="/home/vagrant/developer/repos/thinkbit/web-app-laravel-boilerplate/tests/Feature/RoutesTest.php" line="18" assertions="1" time="0.203793"/>
      </testsuite>
    </testsuite>
  </testsuite>
</testsuites>
